<?xml version="1.0" encoding="UTF-8"?>
<testsuite xmlns:xsi="http://www.w3.org/2001/XMLSchema-instance" xsi:noNamespaceSchemaLocation="https://maven.apache.org/surefire/maven-surefire-plugin/xsd/surefire-test-report-3.0.xsd" version="3.0" name="com.henriorespati.rhpamdemo.BusinessProcess1Test" time="0.068" tests="1" errors="0" skipped="0" failures="0">
  <properties>
[...]
</properties>
  <testcase name="testProcess" classname="com.henriorespati.rhpamdemo.BusinessProcess1Test" time="0.012">
    <system-out><![CDATA[16:22:49.562 [main] DEBUG org.jbpm.services.task.identity.AbstractUserGroupInfo - Callback properties will be loaded from classpath:/usergroups.properties
16:22:49.564 [main] DEBUG org.jbpm.services.task.identity.JBossUserGroupCallbackImpl - Loaded properties {doctor=users,PM, Administrator=Administrators, frontDesk=users,PM, manager=managers,HR, mary=admins,managers,users,HR, admin=admins,managers,users,webdesigners,functionalanalysts, sales-rep=admin,managers,users,sales, john=admins,managers,users,PM, salaboy=admins,users, krisv=admins,managers,users}
16:22:49.564 [main] DEBUG org.jbpm.test.JbpmJUnitBaseTestCase - Configuring entire test case to have data source enabled true and session persistence enabled true with persistence unit name org.jbpm.persistence.jpa
]]></system-out>
  </testcase>
</testsuite>